This is pdfTeX, Version 3.141592653-2.6-1.40.22 (TeX Live 2022/dev/Debian) (preloaded format=pdflatex 2023.6.16)  6 SEP 2023 16:49
entering extended mode
 restricted \write18 enabled.
 %&-line parsing enabled.
**feature.tex
(./feature.tex
LaTeX2e <2021-11-15> patch level 1
L3 programming layer <2022-01-21>
(/usr/share/texlive/texmf-dist/tex/latex/base/article.cls
Document Class: article 2021/10/04 v1.4n Standard LaTeX document class
(/usr/share/texlive/texmf-dist/tex/latex/base/size11.clo
File: size11.clo 2021/10/04 v1.4n Standard LaTeX file (size option)
)
\c@part=\count185
\c@section=\count186
\c@subsection=\count187
\c@subsubsection=\count188
\c@paragraph=\count189
\c@subparagraph=\count190
\c@figure=\count191
\c@table=\count192
\abovecaptionskip=\skip47
\belowcaptionskip=\skip48
\bibindent=\dimen138
)
(/usr/share/texlive/texmf-dist/tex/latex/base/inputenc.sty
Package: inputenc 2021/02/14 v1.3d Input encoding file
\inpenc@prehook=\toks16
\inpenc@posthook=\toks17
)
(/usr/share/texlive/texmf-dist/tex/latex/base/fontenc.sty
Package: fontenc 2021/04/29 v2.0v Standard LaTeX package
)
(/usr/share/texlive/texmf-dist/tex/latex/graphics/graphicx.sty
Package: graphicx 2021/09/16 v1.2d Enhanced LaTeX Graphics (DPC,SPQR)

(/usr/share/texlive/texmf-dist/tex/latex/graphics/keyval.sty
Package: keyval 2014/10/28 v1.15 key=value parser (DPC)
\KV@toks@=\toks18
)
(/usr/share/texlive/texmf-dist/tex/latex/graphics/graphics.sty
Package: graphics 2021/03/04 v1.4d Standard LaTeX Graphics (DPC,SPQR)

(/usr/share/texlive/texmf-dist/tex/latex/graphics/trig.sty
Package: trig 2021/08/11 v1.11 sin cos tan (DPC)
)
(/usr/share/texlive/texmf-dist/tex/latex/graphics-cfg/graphics.cfg
File: graphics.cfg 2016/06/04 v1.11 sample graphics configuration
)
Package graphics Info: Driver file: pdftex.def on input line 107.

(/usr/share/texlive/texmf-dist/tex/latex/graphics-def/pdftex.def
File: pdftex.def 2020/10/05 v1.2a Graphics/color driver for pdftex
))
\Gin@req@height=\dimen139
\Gin@req@width=\dimen140
)
(/usr/share/texlive/texmf-dist/tex/latex/tools/longtable.sty
Package: longtable 2021-09-01 v4.17 Multi-page Table package (DPC)
\LTleft=\skip49
\LTright=\skip50
\LTpre=\skip51
\LTpost=\skip52
\LTchunksize=\count193
\LTcapwidth=\dimen141
\LT@head=\box50
\LT@firsthead=\box51
\LT@foot=\box52
\LT@lastfoot=\box53
\LT@gbox=\box54
\LT@cols=\count194
\LT@rows=\count195
\c@LT@tables=\count196
\c@LT@chunks=\count197
\LT@p@ftn=\toks19
)
(/usr/share/texlive/texmf-dist/tex/latex/wrapfig/wrapfig.sty
\wrapoverhang=\dimen142
\WF@size=\dimen143
\c@WF@wrappedlines=\count198
\WF@box=\box55
\WF@everypar=\toks20
Package: wrapfig 2003/01/31  v 3.6
)
(/usr/share/texlive/texmf-dist/tex/latex/graphics/rotating.sty
Package: rotating 2016/08/11 v2.16d rotated objects in LaTeX

(/usr/share/texlive/texmf-dist/tex/latex/base/ifthen.sty
Package: ifthen 2020/11/24 v1.1c Standard LaTeX ifthen package (DPC)
)
\c@r@tfl@t=\count199
\rotFPtop=\skip53
\rotFPbot=\skip54
\rot@float@box=\box56
\rot@mess@toks=\toks21
)
(/usr/share/texlive/texmf-dist/tex/generic/ulem/ulem.sty
\UL@box=\box57
\UL@hyphenbox=\box58
\UL@skip=\skip55
\UL@hook=\toks22
\UL@height=\dimen144
\UL@pe=\count266
\UL@pixel=\dimen145
\ULC@box=\box59
Package: ulem 2019/11/18
\ULdepth=\dimen146
)
(/usr/share/texlive/texmf-dist/tex/latex/amsmath/amsmath.sty
Package: amsmath 2021/10/15 v2.17l AMS math features
\@mathmargin=\skip56

For additional information on amsmath, use the `?' option.
(/usr/share/texlive/texmf-dist/tex/latex/amsmath/amstext.sty
Package: amstext 2021/08/26 v2.01 AMS text

(/usr/share/texlive/texmf-dist/tex/latex/amsmath/amsgen.sty
File: amsgen.sty 1999/11/30 v2.0 generic functions
\@emptytoks=\toks23
\ex@=\dimen147
))
(/usr/share/texlive/texmf-dist/tex/latex/amsmath/amsbsy.sty
Package: amsbsy 1999/11/29 v1.2d Bold Symbols
\pmbraise@=\dimen148
)
(/usr/share/texlive/texmf-dist/tex/latex/amsmath/amsopn.sty
Package: amsopn 2021/08/26 v2.02 operator names
)
\inf@bad=\count267
LaTeX Info: Redefining \frac on input line 234.
\uproot@=\count268
\leftroot@=\count269
LaTeX Info: Redefining \overline on input line 399.
\classnum@=\count270
\DOTSCASE@=\count271
LaTeX Info: Redefining \ldots on input line 496.
LaTeX Info: Redefining \dots on input line 499.
LaTeX Info: Redefining \cdots on input line 620.
\Mathstrutbox@=\box60
\strutbox@=\box61
\big@size=\dimen149
LaTeX Font Info:    Redeclaring font encoding OML on input line 743.
LaTeX Font Info:    Redeclaring font encoding OMS on input line 744.
\macc@depth=\count272
\c@MaxMatrixCols=\count273
\dotsspace@=\muskip16
\c@parentequation=\count274
\dspbrk@lvl=\count275
\tag@help=\toks24
\row@=\count276
\column@=\count277
\maxfields@=\count278
\andhelp@=\toks25
\eqnshift@=\dimen150
\alignsep@=\dimen151
\tagshift@=\dimen152
\tagwidth@=\dimen153
\totwidth@=\dimen154
\lineht@=\dimen155
\@envbody=\toks26
\multlinegap=\skip57
\multlinetaggap=\skip58
\mathdisplay@stack=\toks27
LaTeX Info: Redefining \[ on input line 2938.
LaTeX Info: Redefining \] on input line 2939.
)
(/usr/share/texlive/texmf-dist/tex/latex/amsfonts/amssymb.sty
Package: amssymb 2013/01/14 v3.01 AMS font symbols

(/usr/share/texlive/texmf-dist/tex/latex/amsfonts/amsfonts.sty
Package: amsfonts 2013/01/14 v3.01 Basic AMSFonts support
\symAMSa=\mathgroup4
\symAMSb=\mathgroup5
LaTeX Font Info:    Redeclaring math symbol \hbar on input line 98.
LaTeX Font Info:    Overwriting math alphabet `\mathfrak' in version `bold'
(Font)                  U/euf/m/n --> U/euf/b/n on input line 106.
))
(/usr/share/texlive/texmf-dist/tex/latex/capt-of/capt-of.sty
Package: capt-of 2009/12/29 v0.2 standard captions outside of floats
)
(/usr/share/texlive/texmf-dist/tex/latex/hyperref/hyperref.sty
Package: hyperref 2021-06-07 v7.00m Hypertext links for LaTeX

(/usr/share/texlive/texmf-dist/tex/generic/ltxcmds/ltxcmds.sty
Package: ltxcmds 2020-05-10 v1.25 LaTeX kernel commands for general use (HO)
)
(/usr/share/texlive/texmf-dist/tex/generic/iftex/iftex.sty
Package: iftex 2020/03/06 v1.0d TeX engine tests
)
(/usr/share/texlive/texmf-dist/tex/generic/pdftexcmds/pdftexcmds.sty
Package: pdftexcmds 2020-06-27 v0.33 Utility functions of pdfTeX for LuaTeX (HO
)

(/usr/share/texlive/texmf-dist/tex/generic/infwarerr/infwarerr.sty
Package: infwarerr 2019/12/03 v1.5 Providing info/warning/error messages (HO)
)
Package pdftexcmds Info: \pdf@primitive is available.
Package pdftexcmds Info: \pdf@ifprimitive is available.
Package pdftexcmds Info: \pdfdraftmode found.
)
(/usr/share/texlive/texmf-dist/tex/generic/kvsetkeys/kvsetkeys.sty
Package: kvsetkeys 2019/12/15 v1.18 Key value parser (HO)
)
(/usr/share/texlive/texmf-dist/tex/generic/kvdefinekeys/kvdefinekeys.sty
Package: kvdefinekeys 2019-12-19 v1.6 Define keys (HO)
)
(/usr/share/texlive/texmf-dist/tex/generic/pdfescape/pdfescape.sty
Package: pdfescape 2019/12/09 v1.15 Implements pdfTeX's escape features (HO)
)
(/usr/share/texlive/texmf-dist/tex/latex/hycolor/hycolor.sty
Package: hycolor 2020-01-27 v1.10 Color options for hyperref/bookmark (HO)
)
(/usr/share/texlive/texmf-dist/tex/latex/letltxmacro/letltxmacro.sty
Package: letltxmacro 2019/12/03 v1.6 Let assignment for LaTeX macros (HO)
)
(/usr/share/texlive/texmf-dist/tex/latex/auxhook/auxhook.sty
Package: auxhook 2019-12-17 v1.6 Hooks for auxiliary files (HO)
)
(/usr/share/texlive/texmf-dist/tex/latex/kvoptions/kvoptions.sty
Package: kvoptions 2020-10-07 v3.14 Key value format for package options (HO)
)
\@linkdim=\dimen156
\Hy@linkcounter=\count279
\Hy@pagecounter=\count280

(/usr/share/texlive/texmf-dist/tex/latex/hyperref/pd1enc.def
File: pd1enc.def 2021-06-07 v7.00m Hyperref: PDFDocEncoding definition (HO)
Now handling font encoding PD1 ...
... no UTF-8 mapping file for font encoding PD1
)
(/usr/share/texlive/texmf-dist/tex/latex/hyperref/hyperref-langpatches.def
File: hyperref-langpatches.def 2021-06-07 v7.00m Hyperref: patches for babel la
nguages
)
(/usr/share/texlive/texmf-dist/tex/generic/intcalc/intcalc.sty
Package: intcalc 2019/12/15 v1.3 Expandable calculations with integers (HO)
)
(/usr/share/texlive/texmf-dist/tex/generic/etexcmds/etexcmds.sty
Package: etexcmds 2019/12/15 v1.7 Avoid name clashes with e-TeX commands (HO)
)
\Hy@SavedSpaceFactor=\count281

(/usr/share/texlive/texmf-dist/tex/latex/hyperref/puenc.def
File: puenc.def 2021-06-07 v7.00m Hyperref: PDF Unicode definition (HO)
Now handling font encoding PU ...
... no UTF-8 mapping file for font encoding PU
)
Package hyperref Info: Hyper figures OFF on input line 4192.
Package hyperref Info: Link nesting OFF on input line 4197.
Package hyperref Info: Hyper index ON on input line 4200.
Package hyperref Info: Plain pages OFF on input line 4207.
Package hyperref Info: Backreferencing OFF on input line 4212.
Package hyperref Info: Implicit mode ON; LaTeX internals redefined.
Package hyperref Info: Bookmarks ON on input line 4445.
\c@Hy@tempcnt=\count282

(/usr/share/texlive/texmf-dist/tex/latex/url/url.sty
\Urlmuskip=\muskip17
Package: url 2013/09/16  ver 3.4  Verb mode for urls, etc.
)
LaTeX Info: Redefining \url on input line 4804.
\XeTeXLinkMargin=\dimen157

(/usr/share/texlive/texmf-dist/tex/generic/bitset/bitset.sty
Package: bitset 2019/12/09 v1.3 Handle bit-vector datatype (HO)

(/usr/share/texlive/texmf-dist/tex/generic/bigintcalc/bigintcalc.sty
Package: bigintcalc 2019/12/15 v1.5 Expandable calculations on big integers (HO
)
))
\Fld@menulength=\count283
\Field@Width=\dimen158
\Fld@charsize=\dimen159
Package hyperref Info: Hyper figures OFF on input line 6076.
Package hyperref Info: Link nesting OFF on input line 6081.
Package hyperref Info: Hyper index ON on input line 6084.
Package hyperref Info: backreferencing OFF on input line 6091.
Package hyperref Info: Link coloring OFF on input line 6096.
Package hyperref Info: Link coloring with OCG OFF on input line 6101.
Package hyperref Info: PDF/A mode OFF on input line 6106.
LaTeX Info: Redefining \ref on input line 6146.
LaTeX Info: Redefining \pageref on input line 6150.

(/usr/share/texlive/texmf-dist/tex/latex/base/atbegshi-ltx.sty
Package: atbegshi-ltx 2021/01/10 v1.0c Emulation of the original atbegshi
package with kernel methods
)
\Hy@abspage=\count284
\c@Item=\count285
\c@Hfootnote=\count286
)
Package hyperref Info: Driver (autodetected): hpdftex.

(/usr/share/texlive/texmf-dist/tex/latex/hyperref/hpdftex.def
File: hpdftex.def 2021-06-07 v7.00m Hyperref driver for pdfTeX

(/usr/share/texlive/texmf-dist/tex/latex/base/atveryend-ltx.sty
Package: atveryend-ltx 2020/08/19 v1.0a Emulation of the original atveryend pac
kage
with kernel methods
)
\Fld@listcount=\count287
\c@bookmark@seq@number=\count288

(/usr/share/texlive/texmf-dist/tex/latex/rerunfilecheck/rerunfilecheck.sty
Package: rerunfilecheck 2019/12/05 v1.9 Rerun checks for auxiliary files (HO)

(/usr/share/texlive/texmf-dist/tex/generic/uniquecounter/uniquecounter.sty
Package: uniquecounter 2019/12/15 v1.4 Provide unlimited unique counter (HO)
)
Package uniquecounter Info: New unique counter `rerunfilecheck' on input line 2
86.
)
\Hy@SectionHShift=\skip59
)
(/usr/share/texlive/texmf-dist/tex/latex/l3backend/l3backend-pdftex.def
File: l3backend-pdftex.def 2022-01-12 L3 backend support: PDF output (pdfTeX)
\l__color_backend_stack_int=\count289
\l__pdf_internal_box=\box62
)
(./feature.aux)
\openout1 = `feature.aux'.

LaTeX Font Info:    Checking defaults for OML/cmm/m/it on input line 25.
LaTeX Font Info:    ... okay on input line 25.
LaTeX Font Info:    Checking defaults for OMS/cmsy/m/n on input line 25.
LaTeX Font Info:    ... okay on input line 25.
LaTeX Font Info:    Checking defaults for OT1/cmr/m/n on input line 25.
LaTeX Font Info:    ... okay on input line 25.
LaTeX Font Info:    Checking defaults for T1/cmr/m/n on input line 25.
LaTeX Font Info:    ... okay on input line 25.
LaTeX Font Info:    Checking defaults for TS1/cmr/m/n on input line 25.
LaTeX Font Info:    ... okay on input line 25.
LaTeX Font Info:    Checking defaults for OMX/cmex/m/n on input line 25.
LaTeX Font Info:    ... okay on input line 25.
LaTeX Font Info:    Checking defaults for U/cmr/m/n on input line 25.
LaTeX Font Info:    ... okay on input line 25.
LaTeX Font Info:    Checking defaults for PD1/pdf/m/n on input line 25.
LaTeX Font Info:    ... okay on input line 25.
LaTeX Font Info:    Checking defaults for PU/pdf/m/n on input line 25.
LaTeX Font Info:    ... okay on input line 25.

(/usr/share/texlive/texmf-dist/tex/context/base/mkii/supp-pdf.mkii
[Loading MPS to PDF converter (version 2006.09.02).]
\scratchcounter=\count290
\scratchdimen=\dimen160
\scratchbox=\box63
\nofMPsegments=\count291
\nofMParguments=\count292
\everyMPshowfont=\toks28
\MPscratchCnt=\count293
\MPscratchDim=\dimen161
\MPnumerator=\count294
\makeMPintoPDFobject=\count295
\everyMPtoPDFconversion=\toks29
) (/usr/share/texlive/texmf-dist/tex/latex/epstopdf-pkg/epstopdf-base.sty
Package: epstopdf-base 2020-01-24 v2.11 Base part for package epstopdf
Package epstopdf-base Info: Redefining graphics rule for `.eps' on input line 4
85.

(/usr/share/texlive/texmf-dist/tex/latex/latexconfig/epstopdf-sys.cfg
File: epstopdf-sys.cfg 2010/07/13 v1.3 Configuration of (r)epstopdf for TeX Liv
e
))
Package hyperref Info: Link coloring OFF on input line 25.

(/usr/share/texlive/texmf-dist/tex/latex/hyperref/nameref.sty
Package: nameref 2021-04-02 v2.47 Cross-referencing by name of section

(/usr/share/texlive/texmf-dist/tex/latex/refcount/refcount.sty
Package: refcount 2019/12/15 v3.6 Data extraction from label references (HO)
)
(/usr/share/texlive/texmf-dist/tex/generic/gettitlestring/gettitlestring.sty
Package: gettitlestring 2019/12/15 v1.6 Cleanup title references (HO)
)
\c@section@level=\count296
)
LaTeX Info: Redefining \ref on input line 25.
LaTeX Info: Redefining \pageref on input line 25.
LaTeX Info: Redefining \nameref on input line 25.

(./feature.out) (./feature.out)
\@outlinefile=\write3
\openout3 = `feature.out'.



! LaTeX Error: Unicode character è®¾ (U+8BBE)
               not set up for use with LaTeX.

See the LaTeX manual or LaTeX Companion for explanation.
Type  H <return>  for immediate help.
 ...                                              
                                                  
l.28 
     
You may provide a definition with
\DeclareUnicodeCharacter 


! LaTeX Error: Unicode character è®¡ (U+8BA1)
               not set up for use with LaTeX.

See the LaTeX manual or LaTeX Companion for explanation.
Type  H <return>  for immediate help.
 ...                                              
                                                  
l.28 
     
You may provide a definition with
\DeclareUnicodeCharacter 


! LaTeX Error: Unicode character æ–‡ (U+6587)
               not set up for use with LaTeX.

See the LaTeX manual or LaTeX Companion for explanation.
Type  H <return>  for immediate help.
 ...                                              
                                                  
l.28 
     
You may provide a definition with
\DeclareUnicodeCharacter 


! LaTeX Error: Unicode character æ¡£ (U+6863)
               not set up for use with LaTeX.

See the LaTeX manual or LaTeX Companion for explanation.
Type  H <return>  for immediate help.
 ...                                              
                                                  
l.28 
     
You may provide a definition with
\DeclareUnicodeCharacter 

LaTeX Font Info:    Trying to load font information for U+msa on input line 28.

(/usr/share/texlive/texmf-dist/tex/latex/amsfonts/umsa.fd
File: umsa.fd 2013/01/14 v3.01 AMS symbols A
)
LaTeX Font Info:    Trying to load font information for U+msb on input line 28.


(/usr/share/texlive/texmf-dist/tex/latex/amsfonts/umsb.fd
File: umsb.fd 2013/01/14 v3.01 AMS symbols B
)

! LaTeX Error: Unicode character é¡¹ (U+9879)
               not set up for use with LaTeX.

See the LaTeX manual or LaTeX Companion for explanation.
Type  H <return>  for immediate help.
 ...                                              
                                                  
l.30 \section*{é¡¹ç›®å®šä½}
                            
You may provide a definition with
\DeclareUnicodeCharacter 


! LaTeX Error: Unicode character ç›® (U+76EE)
               not set up for use with LaTeX.

See the LaTeX manual or LaTeX Companion for explanation.
Type  H <return>  for immediate help.
 ...                                              
                                                  
l.30 \section*{é¡¹ç›®å®šä½}
                            
You may provide a definition with
\DeclareUnicodeCharacter 


! LaTeX Error: Unicode character å®š (U+5B9A)
               not set up for use with LaTeX.

See the LaTeX manual or LaTeX Companion for explanation.
Type  H <return>  for immediate help.
 ...                                              
                                                  
l.30 \section*{é¡¹ç›®å®šä½}
                            
You may provide a definition with
\DeclareUnicodeCharacter 


! LaTeX Error: Unicode character ä½ (U+4F4D)
               not set up for use with LaTeX.

See the LaTeX manual or LaTeX Companion for explanation.
Type  H <return>  for immediate help.
 ...                                              
                                                  
l.30 \section*{é¡¹ç›®å®šä½}
                            
You may provide a definition with
\DeclareUnicodeCharacter 


! LaTeX Error: Unicode character æ­¤ (U+6B64)
               not set up for use with LaTeX.

See the LaTeX manual or LaTeX Companion for explanation.
Type  H <return>  for immediate help.
 ...                                              
                                                  
l.32 æ­¤
        é¡¹ç›®æ˜¯ç”¨æ¥åšé•¿ç¯‡å¹…çš„æ–‡ç« ä¹¦å†™çš„ã€‚å¯¹äºé•¿ç¯‡å¹…çš„ä¹...

You may provide a definition with
\DeclareUnicodeCharacter 


! LaTeX Error: Unicode character é¡¹ (U+9879)
               not set up for use with LaTeX.

See the LaTeX manual or LaTeX Companion for explanation.
Type  H <return>  for immediate help.
 ...                                              
                                                  
l.32 æ­¤é¡¹
           ç›®æ˜¯ç”¨æ¥åšé•¿ç¯‡å¹…çš„æ–‡ç« ä¹¦å†™çš„ã€‚å¯¹äºé•¿ç¯‡å¹…çš„ä¹...

You may provide a definition with
\DeclareUnicodeCharacter 


! LaTeX Error: Unicode character ç›® (U+76EE)
               not set up for use with LaTeX.

See the LaTeX manual or LaTeX Companion for explanation.
Type  H <return>  for immediate help.
 ...                                              
                                                  
l.32 æ­¤é¡¹ç›®
              æ˜¯ç”¨æ¥åšé•¿ç¯‡å¹…çš„æ–‡ç« ä¹¦å†™çš„ã€‚å¯¹äºé•¿ç¯‡å¹…çš„ä¹...

You may provide a definition with
\DeclareUnicodeCharacter 


! LaTeX Error: Unicode character æ˜¯ (U+662F)
               not set up for use with LaTeX.

See the LaTeX manual or LaTeX Companion for explanation.
Type  H <return>  for immediate help.
 ...                                              
                                                  
l.32 æ­¤é¡¹ç›®æ˜¯
                 ç”¨æ¥åšé•¿ç¯‡å¹…çš„æ–‡ç« ä¹¦å†™çš„ã€‚å¯¹äºé•¿ç¯‡å¹…çš„ä¹...

You may provide a definition with
\DeclareUnicodeCharacter 


! LaTeX Error: Unicode character ç”¨ (U+7528)
               not set up for use with LaTeX.

See the LaTeX manual or LaTeX Companion for explanation.
Type  H <return>  for immediate help.
 ...                                              
                                                  
l.32 æ­¤é¡¹ç›®æ˜¯ç”¨
                    æ¥åšé•¿ç¯‡å¹…çš„æ–‡ç« ä¹¦å†™çš„ã€‚å¯¹äºé•¿ç¯‡å¹…çš„ä¹...

You may provide a definition with
\DeclareUnicodeCharacter 


! LaTeX Error: Unicode character æ¥ (U+6765)
               not set up for use with LaTeX.

See the LaTeX manual or LaTeX Companion for explanation.
Type  H <return>  for immediate help.
 ...                                              
                                                  
l.32 æ­¤é¡¹ç›®æ˜¯ç”¨æ¥
                       åšé•¿ç¯‡å¹…çš„æ–‡ç« ä¹¦å†™çš„ã€‚å¯¹äºé•¿ç¯‡å¹…çš„ä¹...

You may provide a definition with
\DeclareUnicodeCharacter 


! LaTeX Error: Unicode character åš (U+505A)
               not set up for use with LaTeX.

See the LaTeX manual or LaTeX Companion for explanation.
Type  H <return>  for immediate help.
 ...                                              
                                                  
l.32 æ­¤é¡¹ç›®æ˜¯ç”¨æ¥åš
                          é•¿ç¯‡å¹…çš„æ–‡ç« ä¹¦å†™çš„ã€‚å¯¹äºé•¿ç¯‡å¹…çš„ä¹...

You may provide a definition with
\DeclareUnicodeCharacter 


! LaTeX Error: Unicode character é•¿ (U+957F)
               not set up for use with LaTeX.

See the LaTeX manual or LaTeX Companion for explanation.
Type  H <return>  for immediate help.
 ...                                              
                                                  
l.32 æ­¤é¡¹ç›®æ˜¯ç”¨æ¥åšé•¿
                             ç¯‡å¹…çš„æ–‡ç« ä¹¦å†™çš„ã€‚å¯¹äºé•¿ç¯‡å¹…çš„ä¹...

You may provide a definition with
\DeclareUnicodeCharacter 


! LaTeX Error: Unicode character ç¯‡ (U+7BC7)
               not set up for use with LaTeX.

See the LaTeX manual or LaTeX Companion for explanation.
Type  H <return>  for immediate help.
 ...                                              
                                                  
l.32 æ­¤é¡¹ç›®æ˜¯ç”¨æ¥åšé•¿ç¯‡
                                å¹…çš„æ–‡ç« ä¹¦å†™çš„ã€‚å¯¹äºé•¿ç¯‡å¹…çš„ä¹...

You may provide a definition with
\DeclareUnicodeCharacter 


! LaTeX Error: Unicode character å¹… (U+5E45)
               not set up for use with LaTeX.

See the LaTeX manual or LaTeX Companion for explanation.
Type  H <return>  for immediate help.
 ...                                              
                                                  
l.32 æ­¤é¡¹ç›®æ˜¯ç”¨æ¥åšé•¿ç¯‡å¹…
                                   çš„æ–‡ç« ä¹¦å†™çš„ã€‚å¯¹äºé•¿ç¯‡å¹…çš„ä¹...

You may provide a definition with
\DeclareUnicodeCharacter 


! LaTeX Error: Unicode character çš„ (U+7684)
               not set up for use with LaTeX.

See the LaTeX manual or LaTeX Companion for explanation.
Type  H <return>  for immediate help.
 ...                                              
                                                  
l.32 æ­¤é¡¹ç›®æ˜¯ç”¨æ¥åšé•¿ç¯‡å¹…çš„
                                      æ–‡ç« ä¹¦å†™çš„ã€‚å¯¹äºé•¿ç¯‡å¹…çš„ä¹...

You may provide a definition with
\DeclareUnicodeCharacter 


! LaTeX Error: Unicode character æ–‡ (U+6587)
               not set up for use with LaTeX.

See the LaTeX manual or LaTeX Companion for explanation.
Type  H <return>  for immediate help.
 ...                                              
                                                  
l.32 æ­¤é¡¹ç›®æ˜¯ç”¨æ¥åšé•¿ç¯‡å¹…çš„æ–‡
                                         ç« ä¹¦å†™çš„ã€‚å¯¹äºé•¿ç¯‡å¹…çš„ä¹...

You may provide a definition with
\DeclareUnicodeCharacter 


! LaTeX Error: Unicode character ç«  (U+7AE0)
               not set up for use with LaTeX.

See the LaTeX manual or LaTeX Companion for explanation.
Type  H <return>  for immediate help.
 ...                                              
                                                  
l.32 æ­¤é¡¹ç›®æ˜¯ç”¨æ¥åšé•¿ç¯‡å¹…çš„æ–‡ç« 
                                            ä¹¦å†™çš„ã€‚å¯¹äºé•¿ç¯‡å¹…çš„ä¹...

You may provide a definition with
\DeclareUnicodeCharacter 


! LaTeX Error: Unicode character ä¹¦ (U+4E66)
               not set up for use with LaTeX.

See the LaTeX manual or LaTeX Companion for explanation.
Type  H <return>  for immediate help.
 ...                                              
                                                  
l.32 æ­¤é¡¹ç›®æ˜¯ç”¨æ¥åšé•¿ç¯‡å¹…çš„æ–‡ç« ä¹¦
                                               å†™çš„ã€‚å¯¹äºé•¿ç¯‡å¹…çš„ä¹...

You may provide a definition with
\DeclareUnicodeCharacter 


! LaTeX Error: Unicode character å†™ (U+5199)
               not set up for use with LaTeX.

See the LaTeX manual or LaTeX Companion for explanation.
Type  H <return>  for immediate help.
 ...                                              
                                                  
l.32 æ­¤é¡¹ç›®æ˜¯ç”¨æ¥åšé•¿ç¯‡å¹…çš„æ–‡ç« ä¹¦å†™
                                                  çš„ã€‚å¯¹äºé•¿ç¯‡å¹…çš„ä¹...

You may provide a definition with
\DeclareUnicodeCharacter 


! LaTeX Error: Unicode character çš„ (U+7684)
               not set up for use with LaTeX.

See the LaTeX manual or LaTeX Companion for explanation.
Type  H <return>  for immediate help.
 ...                                              
                                                  
l.32 ...ç›®æ˜¯ç”¨æ¥åšé•¿ç¯‡å¹…çš„æ–‡ç« ä¹¦å†™çš„
                                                  ã€‚å¯¹äºé•¿ç¯‡å¹…çš„ä¹¦å†...

You may provide a definition with
\DeclareUnicodeCharacter 


! LaTeX Error: Unicode character ã€‚ (U+3002)
               not set up for use with LaTeX.

See the LaTeX manual or LaTeX Companion for explanation.
Type  H <return>  for immediate help.
 ...                                              
                                                  
l.32 ...æ˜¯ç”¨æ¥åšé•¿ç¯‡å¹…çš„æ–‡ç« ä¹¦å†™çš„ã€‚
                                                  å¯¹äºé•¿ç¯‡å¹…çš„ä¹¦å†™ï¼...

You may provide a definition with
\DeclareUnicodeCharacter 


! LaTeX Error: Unicode character å¯¹ (U+5BF9)
               not set up for use with LaTeX.

See the LaTeX manual or LaTeX Companion for explanation.
Type  H <return>  for immediate help.
 ...                                              
                                                  
l.32 ...ç”¨æ¥åšé•¿ç¯‡å¹…çš„æ–‡ç« ä¹¦å†™çš„ã€‚å¯¹
                                                  äºé•¿ç¯‡å¹…çš„ä¹¦å†™ï¼Œæˆ...

You may provide a definition with
\DeclareUnicodeCharacter 


! LaTeX Error: Unicode character äº (U+4E8E)
               not set up for use with LaTeX.

See the LaTeX manual or LaTeX Companion for explanation.
Type  H <return>  for immediate help.
 ...                                              
                                                  
l.32 ...æ¥åšé•¿ç¯‡å¹…çš„æ–‡ç« ä¹¦å†™çš„ã€‚å¯¹äº
                                                  é•¿ç¯‡å¹…çš„ä¹¦å†™ï¼Œæˆ‘ä¸...

You may provide a definition with
\DeclareUnicodeCharacter 


! LaTeX Error: Unicode character é•¿ (U+957F)
               not set up for use with LaTeX.

See the LaTeX manual or LaTeX Companion for explanation.
Type  H <return>  for immediate help.
 ...                                              
                                                  
l.32 ...åšé•¿ç¯‡å¹…çš„æ–‡ç« ä¹¦å†™çš„ã€‚å¯¹äºé•¿
                                                  ç¯‡å¹…çš„ä¹¦å†™ï¼Œæˆ‘ä¸å»...

You may provide a definition with
\DeclareUnicodeCharacter 


! LaTeX Error: Unicode character ç¯‡ (U+7BC7)
               not set up for use with LaTeX.

See the LaTeX manual or LaTeX Companion for explanation.
Type  H <return>  for immediate help.
 ...                                              
                                                  
l.32 ...é•¿ç¯‡å¹…çš„æ–‡ç« ä¹¦å†™çš„ã€‚å¯¹äºé•¿ç¯‡
                                                  å¹…çš„ä¹¦å†™ï¼Œæˆ‘ä¸å»ºè®...

You may provide a definition with
\DeclareUnicodeCharacter 


! LaTeX Error: Unicode character å¹… (U+5E45)
               not set up for use with LaTeX.

See the LaTeX manual or LaTeX Companion for explanation.
Type  H <return>  for immediate help.
 ...                                              
                                                  
l.32 ...ç¯‡å¹…çš„æ–‡ç« ä¹¦å†™çš„ã€‚å¯¹äºé•¿ç¯‡å¹…
                                                  çš„ä¹¦å†™ï¼Œæˆ‘ä¸å»ºè®®ä½...

You may provide a definition with
\DeclareUnicodeCharacter 


! LaTeX Error: Unicode character çš„ (U+7684)
               not set up for use with LaTeX.

See the LaTeX manual or LaTeX Companion for explanation.
Type  H <return>  for immediate help.
 ...                                              
                                                  
l.32 ...å¹…çš„æ–‡ç« ä¹¦å†™çš„ã€‚å¯¹äºé•¿ç¯‡å¹…çš„
                                                  ä¹¦å†™ï¼Œæˆ‘ä¸å»ºè®®ä½¿ç”...

You may provide a definition with
\DeclareUnicodeCharacter 


! LaTeX Error: Unicode character ä¹¦ (U+4E66)
               not set up for use with LaTeX.

See the LaTeX manual or LaTeX Companion for explanation.
Type  H <return>  for immediate help.
 ...                                              
                                                  
l.32 ...çš„æ–‡ç« ä¹¦å†™çš„ã€‚å¯¹äºé•¿ç¯‡å¹…çš„ä¹¦
                                                  å†™ï¼Œæˆ‘ä¸å»ºè®®ä½¿ç”¨æ•...

You may provide a definition with
\DeclareUnicodeCharacter 


! LaTeX Error: Unicode character å†™ (U+5199)
               not set up for use with LaTeX.

See the LaTeX manual or LaTeX Companion for explanation.
Type  H <return>  for immediate help.
 ...                                              
                                                  
l.32 ...æ–‡ç« ä¹¦å†™çš„ã€‚å¯¹äºé•¿ç¯‡å¹…çš„ä¹¦å†™
                                                  ï¼Œæˆ‘ä¸å»ºè®®ä½¿ç”¨æ•°æ...

You may provide a definition with
\DeclareUnicodeCharacter 


! LaTeX Error: Unicode character ï¼Œ (U+FF0C)
               not set up for use with LaTeX.

See the LaTeX manual or LaTeX Companion for explanation.
Type  H <return>  for immediate help.
 ...                                              
                                                  
l.32 ...ç« ä¹¦å†™çš„ã€‚å¯¹äºé•¿ç¯‡å¹…çš„ä¹¦å†™ï¼Œ
                                                  æˆ‘ä¸å»ºè®®ä½¿ç”¨æ•°æ®åº...

You may provide a definition with
\DeclareUnicodeCharacter 


! LaTeX Error: Unicode character æˆ‘ (U+6211)
               not set up for use with LaTeX.

See the LaTeX manual or LaTeX Companion for explanation.
Type  H <return>  for immediate help.
 ...                                              
                                                  
l.32 ...ä¹¦å†™çš„ã€‚å¯¹äºé•¿ç¯‡å¹…çš„ä¹¦å†™ï¼Œæˆ‘
                                                  ä¸å»ºè®®ä½¿ç”¨æ•°æ®åº“æ...

You may provide a definition with
\DeclareUnicodeCharacter 


! LaTeX Error: Unicode character ä¸ (U+4E0D)
               not set up for use with LaTeX.

See the LaTeX manual or LaTeX Companion for explanation.
Type  H <return>  for immediate help.
 ...                                              
                                                  
l.32 ...å†™çš„ã€‚å¯¹äºé•¿ç¯‡å¹…çš„ä¹¦å†™ï¼Œæˆ‘ä¸
                                                  å»ºè®®ä½¿ç”¨æ•°æ®åº“æ¥è¿...

You may provide a definition with
\DeclareUnicodeCharacter 


! LaTeX Error: Unicode character å»º (U+5EFA)
               not set up for use with LaTeX.

See the LaTeX manual or LaTeX Companion for explanation.
Type  H <return>  for immediate help.
 ...                                              
                                                  
l.32 ...çš„ã€‚å¯¹äºé•¿ç¯‡å¹…çš„ä¹¦å†™ï¼Œæˆ‘ä¸å»º
                                                  è®®ä½¿ç”¨æ•°æ®åº“æ¥è¿›è¡...

You may provide a definition with
\DeclareUnicodeCharacter 


! LaTeX Error: Unicode character è®® (U+8BAE)
               not set up for use with LaTeX.

See the LaTeX manual or LaTeX Companion for explanation.
Type  H <return>  for immediate help.
 ...                                              
                                                  
l.32 ...ã€‚å¯¹äºé•¿ç¯‡å¹…çš„ä¹¦å†™ï¼Œæˆ‘ä¸å»ºè®®
                                                  ä½¿ç”¨æ•°æ®åº“æ¥è¿›è¡Œå­...

You may provide a definition with
\DeclareUnicodeCharacter 


! LaTeX Error: Unicode character ä½¿ (U+4F7F)
               not set up for use with LaTeX.

See the LaTeX manual or LaTeX Companion for explanation.
Type  H <return>  for immediate help.
 ...                                              
                                                  
l.32 ...å¯¹äºé•¿ç¯‡å¹…çš„ä¹¦å†™ï¼Œæˆ‘ä¸å»ºè®®ä½¿
                                                  ç”¨æ•°æ®åº“æ¥è¿›è¡Œå­˜å‚...

You may provide a definition with
\DeclareUnicodeCharacter 


! LaTeX Error: Unicode character ç”¨ (U+7528)
               not set up for use with LaTeX.

See the LaTeX manual or LaTeX Companion for explanation.
Type  H <return>  for immediate help.
 ...                                              
                                                  
l.32 ...äºé•¿ç¯‡å¹…çš„ä¹¦å†™ï¼Œæˆ‘ä¸å»ºè®®ä½¿ç”¨
                                                  æ•°æ®åº“æ¥è¿›è¡Œå­˜å‚¨ï¼...

You may provide a definition with
\DeclareUnicodeCharacter 


! LaTeX Error: Unicode character æ•° (U+6570)
               not set up for use with LaTeX.

See the LaTeX manual or LaTeX Companion for explanation.
Type  H <return>  for immediate help.
 ...                                              
                                                  
l.32 ...é•¿ç¯‡å¹…çš„ä¹¦å†™ï¼Œæˆ‘ä¸å»ºè®®ä½¿ç”¨æ•°
                                                  æ®åº“æ¥è¿›è¡Œå­˜å‚¨ï¼Œè¿...

You may provide a definition with
\DeclareUnicodeCharacter 


! LaTeX Error: Unicode character æ® (U+636E)
               not set up for use with LaTeX.

See the LaTeX manual or LaTeX Companion for explanation.
Type  H <return>  for immediate help.
 ...                                              
                                                  
l.32 ...ç¯‡å¹…çš„ä¹¦å†™ï¼Œæˆ‘ä¸å»ºè®®ä½¿ç”¨æ•°æ®
                                                  åº“æ¥è¿›è¡Œå­˜å‚¨ï¼Œè¿™æ ...

You may provide a definition with
\DeclareUnicodeCharacter 


! LaTeX Error: Unicode character åº“ (U+5E93)
               not set up for use with LaTeX.

See the LaTeX manual or LaTeX Companion for explanation.
Type  H <return>  for immediate help.
 ...                                              
                                                  
l.32 ...å¹…çš„ä¹¦å†™ï¼Œæˆ‘ä¸å»ºè®®ä½¿ç”¨æ•°æ®åº“
                                                  æ¥è¿›è¡Œå­˜å‚¨ï¼Œè¿™æ ·æ˜...

You may provide a definition with
\DeclareUnicodeCharacter 


! LaTeX Error: Unicode character æ¥ (U+6765)
               not set up for use with LaTeX.

See the LaTeX manual or LaTeX Companion for explanation.
Type  H <return>  for immediate help.
 ...                                              
                                                  
l.32 ...çš„ä¹¦å†™ï¼Œæˆ‘ä¸å»ºè®®ä½¿ç”¨æ•°æ®åº“æ¥
                                                  è¿›è¡Œå­˜å‚¨ï¼Œè¿™æ ·æ˜¯å...

You may provide a definition with
\DeclareUnicodeCharacter 


! LaTeX Error: Unicode character è¿› (U+8FDB)
               not set up for use with LaTeX.

See the LaTeX manual or LaTeX Companion for explanation.
Type  H <return>  for immediate help.
 ...                                              
                                                  
l.32 ...ä¹¦å†™ï¼Œæˆ‘ä¸å»ºè®®ä½¿ç”¨æ•°æ®åº“æ¥è¿›
                                                  è¡Œå­˜å‚¨ï¼Œè¿™æ ·æ˜¯å¦ä¼...

You may provide a definition with
\DeclareUnicodeCharacter 


! LaTeX Error: Unicode character è¡Œ (U+884C)
               not set up for use with LaTeX.

See the LaTeX manual or LaTeX Companion for explanation.
Type  H <return>  for immediate help.
 ...                                              
                                                  
l.32 ...å†™ï¼Œæˆ‘ä¸å»ºè®®ä½¿ç”¨æ•°æ®åº“æ¥è¿›è¡Œ
                                                  å­˜å‚¨ï¼Œè¿™æ ·æ˜¯å¦ä¼šé€...

You may provide a definition with
\DeclareUnicodeCharacter 


! LaTeX Error: Unicode character å­˜ (U+5B58)
               not set up for use with LaTeX.

See the LaTeX manual or LaTeX Companion for explanation.
Type  H <return>  for immediate help.
 ...                                              
                                                  
l.32 ...ï¼Œæˆ‘ä¸å»ºè®®ä½¿ç”¨æ•°æ®åº“æ¥è¿›è¡Œå­˜
                                                  å‚¨ï¼Œè¿™æ ·æ˜¯å¦ä¼šé€ æˆ...

You may provide a definition with
\DeclareUnicodeCharacter 


! LaTeX Error: Unicode character å‚¨ (U+50A8)
               not set up for use with LaTeX.

See the LaTeX manual or LaTeX Companion for explanation.
Type  H <return>  for immediate help.
 ...                                              
                                                  
l.32 ...æˆ‘ä¸å»ºè®®ä½¿ç”¨æ•°æ®åº“æ¥è¿›è¡Œå­˜å‚¨
                                                  ï¼Œè¿™æ ·æ˜¯å¦ä¼šé€ æˆæ–...

You may provide a definition with
\DeclareUnicodeCharacter 


! LaTeX Error: Unicode character ï¼Œ (U+FF0C)
               not set up for use with LaTeX.

See the LaTeX manual or LaTeX Companion for explanation.
Type  H <return>  for immediate help.
 ...                                              
                                                  
l.32 ...ä¸å»ºè®®ä½¿ç”¨æ•°æ®åº“æ¥è¿›è¡Œå­˜å‚¨ï¼Œ
                                                  è¿™æ ·æ˜¯å¦ä¼šé€ æˆæ–‡å­...

You may provide a definition with
\DeclareUnicodeCharacter 


! LaTeX Error: Unicode character è¿™ (U+8FD9)
               not set up for use with LaTeX.

See the LaTeX manual or LaTeX Companion for explanation.
Type  H <return>  for immediate help.
 ...                                              
                                                  
l.32 ...å»ºè®®ä½¿ç”¨æ•°æ®åº“æ¥è¿›è¡Œå­˜å‚¨ï¼Œè¿™
                                                  æ ·æ˜¯å¦ä¼šé€ æˆæ–‡å­—è¯...

You may provide a definition with
\DeclareUnicodeCharacter 


! LaTeX Error: Unicode character æ · (U+6837)
               not set up for use with LaTeX.

See the LaTeX manual or LaTeX Companion for explanation.
Type  H <return>  for immediate help.
 ...                                              
                                                  
l.32 ...è®®ä½¿ç”¨æ•°æ®åº“æ¥è¿›è¡Œå­˜å‚¨ï¼Œè¿™æ ·
                                                  æ˜¯å¦ä¼šé€ æˆæ–‡å­—è¯†åˆ...

You may provide a definition with
\DeclareUnicodeCharacter 


! LaTeX Error: Unicode character æ˜¯ (U+662F)
               not set up for use with LaTeX.

See the LaTeX manual or LaTeX Companion for explanation.
Type  H <return>  for immediate help.
 ...                                              
                                                  
l.32 ...ä½¿ç”¨æ•°æ®åº“æ¥è¿›è¡Œå­˜å‚¨ï¼Œè¿™æ ·æ˜¯
                                                  å¦ä¼šé€ æˆæ–‡å­—è¯†åˆ«çš...

You may provide a definition with
\DeclareUnicodeCharacter 


! LaTeX Error: Unicode character å¦ (U+5426)
               not set up for use with LaTeX.

See the LaTeX manual or LaTeX Companion for explanation.
Type  H <return>  for immediate help.
 ...                                              
                                                  
l.32 ...ç”¨æ•°æ®åº“æ¥è¿›è¡Œå­˜å‚¨ï¼Œè¿™æ ·æ˜¯å¦
                                                  ä¼šé€ æˆæ–‡å­—è¯†åˆ«çš„ç¯...

You may provide a definition with
\DeclareUnicodeCharacter 


! LaTeX Error: Unicode character ä¼š (U+4F1A)
               not set up for use with LaTeX.

See the LaTeX manual or LaTeX Companion for explanation.
Type  H <return>  for immediate help.
 ...                                              
                                                  
l.32 ...æ•°æ®åº“æ¥è¿›è¡Œå­˜å‚¨ï¼Œè¿™æ ·æ˜¯å¦ä¼š
                                                  é€ æˆæ–‡å­—è¯†åˆ«çš„ç¯‡å¹...

You may provide a definition with
\DeclareUnicodeCharacter 


! LaTeX Error: Unicode character é€  (U+9020)
               not set up for use with LaTeX.

See the LaTeX manual or LaTeX Companion for explanation.
Type  H <return>  for immediate help.
 ...                                              
                                                  
l.32 ...æ®åº“æ¥è¿›è¡Œå­˜å‚¨ï¼Œè¿™æ ·æ˜¯å¦ä¼šé€ 
                                                  æˆæ–‡å­—è¯†åˆ«çš„ç¯‡å¹…è¿...

You may provide a definition with
\DeclareUnicodeCharacter 


! LaTeX Error: Unicode character æˆ (U+6210)
               not set up for use with LaTeX.

See the LaTeX manual or LaTeX Companion for explanation.
Type  H <return>  for immediate help.
 ...                                              
                                                  
l.32 ...åº“æ¥è¿›è¡Œå­˜å‚¨ï¼Œè¿™æ ·æ˜¯å¦ä¼šé€ æˆ
                                                  æ–‡å­—è¯†åˆ«çš„ç¯‡å¹…è¿‡å¤...

You may provide a definition with
\DeclareUnicodeCharacter 


! LaTeX Error: Unicode character æ–‡ (U+6587)
               not set up for use with LaTeX.

See the LaTeX manual or LaTeX Companion for explanation.
Type  H <return>  for immediate help.
 ...                                              
                                                  
l.32 ...æ¥è¿›è¡Œå­˜å‚¨ï¼Œè¿™æ ·æ˜¯å¦ä¼šé€ æˆæ–‡
                                                  å­—è¯†åˆ«çš„ç¯‡å¹…è¿‡å¤§ï¼...

You may provide a definition with
\DeclareUnicodeCharacter 


! LaTeX Error: Unicode character å­— (U+5B57)
               not set up for use with LaTeX.

See the LaTeX manual or LaTeX Companion for explanation.
Type  H <return>  for immediate help.
 ...                                              
                                                  
l.32 ...è¿›è¡Œå­˜å‚¨ï¼Œè¿™æ ·æ˜¯å¦ä¼šé€ æˆæ–‡å­—
                                                  è¯†åˆ«çš„ç¯‡å¹…è¿‡å¤§ï¼Œå’...

You may provide a definition with
\DeclareUnicodeCharacter 


! LaTeX Error: Unicode character è¯† (U+8BC6)
               not set up for use with LaTeX.

See the LaTeX manual or LaTeX Companion for explanation.
Type  H <return>  for immediate help.
 ...                                              
                                                  
l.32 ...è¡Œå­˜å‚¨ï¼Œè¿™æ ·æ˜¯å¦ä¼šé€ æˆæ–‡å­—è¯†
                                                  åˆ«çš„ç¯‡å¹…è¿‡å¤§ï¼Œå’Œä¸...

You may provide a definition with
\DeclareUnicodeCharacter 


! LaTeX Error: Unicode character åˆ« (U+522B)
               not set up for use with LaTeX.

See the LaTeX manual or LaTeX Companion for explanation.
Type  H <return>  for immediate help.
 ...                                              
                                                  
l.32 ...å­˜å‚¨ï¼Œè¿™æ ·æ˜¯å¦ä¼šé€ æˆæ–‡å­—è¯†åˆ«
                                                  çš„ç¯‡å¹…è¿‡å¤§ï¼Œå’Œä¸å¥...

You may provide a definition with
\DeclareUnicodeCharacter 


! LaTeX Error: Unicode character çš„ (U+7684)
               not set up for use with LaTeX.

See the LaTeX manual or LaTeX Companion for explanation.
Type  H <return>  for immediate help.
 ...                                              
                                                  
l.32 ...å‚¨ï¼Œè¿™æ ·æ˜¯å¦ä¼šé€ æˆæ–‡å­—è¯†åˆ«çš„
                                                  ç¯‡å¹…è¿‡å¤§ï¼Œå’Œä¸å¥½ä¿...

You may provide a definition with
\DeclareUnicodeCharacter 


! LaTeX Error: Unicode character ç¯‡ (U+7BC7)
               not set up for use with LaTeX.

See the LaTeX manual or LaTeX Companion for explanation.
Type  H <return>  for immediate help.
 ...                                              
                                                  
l.32 ...ï¼Œè¿™æ ·æ˜¯å¦ä¼šé€ æˆæ–‡å­—è¯†åˆ«çš„ç¯‡
                                                  å¹…è¿‡å¤§ï¼Œå’Œä¸å¥½ä¿å­...

You may provide a definition with
\DeclareUnicodeCharacter 


! LaTeX Error: Unicode character å¹… (U+5E45)
               not set up for use with LaTeX.

See the LaTeX manual or LaTeX Companion for explanation.
Type  H <return>  for immediate help.
 ...                                              
                                                  
l.32 ...è¿™æ ·æ˜¯å¦ä¼šé€ æˆæ–‡å­—è¯†åˆ«çš„ç¯‡å¹…
                                                  è¿‡å¤§ï¼Œå’Œä¸å¥½ä¿å­˜å‘...

You may provide a definition with
\DeclareUnicodeCharacter 


! LaTeX Error: Unicode character è¿‡ (U+8FC7)
               not set up for use with LaTeX.

See the LaTeX manual or LaTeX Companion for explanation.
Type  H <return>  for immediate help.
 ...                                              
                                                  
l.32 ...æ ·æ˜¯å¦ä¼šé€ æˆæ–‡å­—è¯†åˆ«çš„ç¯‡å¹…è¿‡
                                                  å¤§ï¼Œå’Œä¸å¥½ä¿å­˜å‘¢ï¼...

You may provide a definition with
\DeclareUnicodeCharacter 


! LaTeX Error: Unicode character å¤§ (U+5927)
               not set up for use with LaTeX.

See the LaTeX manual or LaTeX Companion for explanation.
Type  H <return>  for immediate help.
 ...                                              
                                                  
l.32 ...æ˜¯å¦ä¼šé€ æˆæ–‡å­—è¯†åˆ«çš„ç¯‡å¹…è¿‡å¤§
                                                  ï¼Œå’Œä¸å¥½ä¿å­˜å‘¢ï¼Ÿä½...

You may provide a definition with
\DeclareUnicodeCharacter 


! LaTeX Error: Unicode character ï¼Œ (U+FF0C)
               not set up for use with LaTeX.

See the LaTeX manual or LaTeX Companion for explanation.
Type  H <return>  for immediate help.
 ...                                              
                                                  
l.32 ...å¦ä¼šé€ æˆæ–‡å­—è¯†åˆ«çš„ç¯‡å¹…è¿‡å¤§ï¼Œ
                                                  å’Œä¸å¥½ä¿å­˜å‘¢ï¼Ÿä½†æ˜...

You may provide a definition with
\DeclareUnicodeCharacter 


! LaTeX Error: Unicode character å’Œ (U+548C)
               not set up for use with LaTeX.

See the LaTeX manual or LaTeX Companion for explanation.
Type  H <return>  for immediate help.
 ...                                              
                                                  
l.32 ...ä¼šé€ æˆæ–‡å­—è¯†åˆ«çš„ç¯‡å¹…è¿‡å¤§ï¼Œå’Œ
                                                  ä¸å¥½ä¿å­˜å‘¢ï¼Ÿä½†æ˜¯ç...

You may provide a definition with
\DeclareUnicodeCharacter 


! LaTeX Error: Unicode character ä¸ (U+4E0D)
               not set up for use with LaTeX.

See the LaTeX manual or LaTeX Companion for explanation.
Type  H <return>  for immediate help.
 ...                                              
                                                  
l.32 ...é€ æˆæ–‡å­—è¯†åˆ«çš„ç¯‡å¹…è¿‡å¤§ï¼Œå’Œä¸
                                                  å¥½ä¿å­˜å‘¢ï¼Ÿä½†æ˜¯ç†è®...

You may provide a definition with
\DeclareUnicodeCharacter 


! LaTeX Error: Unicode character å¥½ (U+597D)
               not set up for use with LaTeX.

See the LaTeX manual or LaTeX Companion for explanation.
Type  H <return>  for immediate help.
 ...                                              
                                                  
l.32 ...æˆæ–‡å­—è¯†åˆ«çš„ç¯‡å¹…è¿‡å¤§ï¼Œå’Œä¸å¥½
                                                  ä¿å­˜å‘¢ï¼Ÿä½†æ˜¯ç†è®ºä¸...

You may provide a definition with
\DeclareUnicodeCharacter 


! LaTeX Error: Unicode character ä¿ (U+4FDD)
               not set up for use with LaTeX.

See the LaTeX manual or LaTeX Companion for explanation.
Type  H <return>  for immediate help.
 ...                                              
                                                  
l.32 ...æ–‡å­—è¯†åˆ«çš„ç¯‡å¹…è¿‡å¤§ï¼Œå’Œä¸å¥½ä¿
                                                  å­˜å‘¢ï¼Ÿä½†æ˜¯ç†è®ºä¸Šæ...

You may provide a definition with
\DeclareUnicodeCharacter 


! LaTeX Error: Unicode character å­˜ (U+5B58)
               not set up for use with LaTeX.

See the LaTeX manual or LaTeX Companion for explanation.
Type  H <return>  for immediate help.
 ...                                              
                                                  
l.32 ...å­—è¯†åˆ«çš„ç¯‡å¹…è¿‡å¤§ï¼Œå’Œä¸å¥½ä¿å­˜
                                                  å‘¢ï¼Ÿä½†æ˜¯ç†è®ºä¸Šæ¥è¯...

You may provide a definition with
\DeclareUnicodeCharacter 


! LaTeX Error: Unicode character å‘¢ (U+5462)
               not set up for use with LaTeX.

See the LaTeX manual or LaTeX Companion for explanation.
Type  H <return>  for immediate help.
 ...                                              
                                                  
l.32 ...è¯†åˆ«çš„ç¯‡å¹…è¿‡å¤§ï¼Œå’Œä¸å¥½ä¿å­˜å‘¢
                                                  ï¼Ÿä½†æ˜¯ç†è®ºä¸Šæ¥è¯´æ•...

You may provide a definition with
\DeclareUnicodeCharacter 


! LaTeX Error: Unicode character ï¼Ÿ (U+FF1F)
               not set up for use with LaTeX.

See the LaTeX manual or LaTeX Companion for explanation.
Type  H <return>  for immediate help.
 ...                                              
                                                  
l.32 ...åˆ«çš„ç¯‡å¹…è¿‡å¤§ï¼Œå’Œä¸å¥½ä¿å­˜å‘¢ï¼Ÿ
                                                  ä½†æ˜¯ç†è®ºä¸Šæ¥è¯´æ•°æ...

You may provide a definition with
\DeclareUnicodeCharacter 


! LaTeX Error: Unicode character ä½† (U+4F46)
               not set up for use with LaTeX.

See the LaTeX manual or LaTeX Companion for explanation.
Type  H <return>  for immediate help.
 ...                                              
                                                  
l.32 ...çš„ç¯‡å¹…è¿‡å¤§ï¼Œå’Œä¸å¥½ä¿å­˜å‘¢ï¼Ÿä½†
                                                  æ˜¯ç†è®ºä¸Šæ¥è¯´æ•°æ®åº...

You may provide a definition with
\DeclareUnicodeCharacter 


! LaTeX Error: Unicode character æ˜¯ (U+662F)
               not set up for use with LaTeX.

See the LaTeX manual or LaTeX Companion for explanation.
Type  H <return>  for immediate help.
 ...                                              
                                                  
l.32 ...ç¯‡å¹…è¿‡å¤§ï¼Œå’Œä¸å¥½ä¿å­˜å‘¢ï¼Ÿä½†æ˜¯
                                                  ç†è®ºä¸Šæ¥è¯´æ•°æ®åº“å†...

You may provide a definition with
\DeclareUnicodeCharacter 


! LaTeX Error: Unicode character ç† (U+7406)
               not set up for use with LaTeX.

See the LaTeX manual or LaTeX Companion for explanation.
Type  H <return>  for immediate help.
 ...                                              
                                                  
l.32 ...å¹…è¿‡å¤§ï¼Œå’Œä¸å¥½ä¿å­˜å‘¢ï¼Ÿä½†æ˜¯ç†
                                                  è®ºä¸Šæ¥è¯´æ•°æ®åº“å†æ€...

You may provide a definition with
\DeclareUnicodeCharacter 


! LaTeX Error: Unicode character è®º (U+8BBA)
               not set up for use with LaTeX.

See the LaTeX manual or LaTeX Companion for explanation.
Type  H <return>  for immediate help.
 ...                                              
                                                  
l.32 ...è¿‡å¤§ï¼Œå’Œä¸å¥½ä¿å­˜å‘¢ï¼Ÿä½†æ˜¯ç†è®º
                                                  ä¸Šæ¥è¯´æ•°æ®åº“å†æ€ä¹...

You may provide a definition with
\DeclareUnicodeCharacter 


! LaTeX Error: Unicode character ä¸Š (U+4E0A)
               not set up for use with LaTeX.

See the LaTeX manual or LaTeX Companion for explanation.
Type  H <return>  for immediate help.
 ...                                              
                                                  
l.32 ...å¤§ï¼Œå’Œä¸å¥½ä¿å­˜å‘¢ï¼Ÿä½†æ˜¯ç†è®ºä¸Š
                                                  æ¥è¯´æ•°æ®åº“å†æ€ä¹ˆå¤...

You may provide a definition with
\DeclareUnicodeCharacter 


! LaTeX Error: Unicode character æ¥ (U+6765)
               not set up for use with LaTeX.

See the LaTeX manual or LaTeX Companion for explanation.
Type  H <return>  for immediate help.
 ...                                              
                                                  
l.32 ...ï¼Œå’Œä¸å¥½ä¿å­˜å‘¢ï¼Ÿä½†æ˜¯ç†è®ºä¸Šæ¥
                                                  è¯´æ•°æ®åº“å†æ€ä¹ˆå¤§ä¹...

You may provide a definition with
\DeclareUnicodeCharacter 


! LaTeX Error: Unicode character è¯´ (U+8BF4)
               not set up for use with LaTeX.

See the LaTeX manual or LaTeX Companion for explanation.
Type  H <return>  for immediate help.
 ...                                              
                                                  
l.32 ...å’Œä¸å¥½ä¿å­˜å‘¢ï¼Ÿä½†æ˜¯ç†è®ºä¸Šæ¥è¯´
                                                  æ•°æ®åº“å†æ€ä¹ˆå¤§ä¹Ÿä¼...

You may provide a definition with
\DeclareUnicodeCharacter 


! LaTeX Error: Unicode character æ•° (U+6570)
               not set up for use with LaTeX.

See the LaTeX manual or LaTeX Companion for explanation.
Type  H <return>  for immediate help.
 ...                                              
                                                  
l.32 ...ä¸å¥½ä¿å­˜å‘¢ï¼Ÿä½†æ˜¯ç†è®ºä¸Šæ¥è¯´æ•°
                                                  æ®åº“å†æ€ä¹ˆå¤§ä¹Ÿä¼šæ¯...

You may provide a definition with
\DeclareUnicodeCharacter 


! LaTeX Error: Unicode character æ® (U+636E)
               not set up for use with LaTeX.

See the LaTeX manual or LaTeX Companion for explanation.
Type  H <return>  for immediate help.
 ...                                              
                                                  
l.32 ...å¥½ä¿å­˜å‘¢ï¼Ÿä½†æ˜¯ç†è®ºä¸Šæ¥è¯´æ•°æ®
                                                  åº“å†æ€ä¹ˆå¤§ä¹Ÿä¼šæ¯”æ–...

You may provide a definition with
\DeclareUnicodeCharacter 


! LaTeX Error: Unicode character åº“ (U+5E93)
               not set up for use with LaTeX.

See the LaTeX manual or LaTeX Companion for explanation.
Type  H <return>  for immediate help.
 ...                                              
                                                  
l.32 ...ä¿å­˜å‘¢ï¼Ÿä½†æ˜¯ç†è®ºä¸Šæ¥è¯´æ•°æ®åº“
                                                  å†æ€ä¹ˆå¤§ä¹Ÿä¼šæ¯”æ–‡æœ...

You may provide a definition with
\DeclareUnicodeCharacter 


! LaTeX Error: Unicode character å† (U+518D)
               not set up for use with LaTeX.

See the LaTeX manual or LaTeX Companion for explanation.
Type  H <return>  for immediate help.
 ...                                              
                                                  
l.32 ...å­˜å‘¢ï¼Ÿä½†æ˜¯ç†è®ºä¸Šæ¥è¯´æ•°æ®åº“å†
                                                  æ€ä¹ˆå¤§ä¹Ÿä¼šæ¯”æ–‡æœ¬æ–...

You may provide a definition with
\DeclareUnicodeCharacter 


! LaTeX Error: Unicode character æ€ (U+600E)
               not set up for use with LaTeX.

See the LaTeX manual or LaTeX Companion for explanation.
Type  H <return>  for immediate help.
 ...                                              
                                                  
l.32 ...å‘¢ï¼Ÿä½†æ˜¯ç†è®ºä¸Šæ¥è¯´æ•°æ®åº“å†æ€
                                                  ä¹ˆå¤§ä¹Ÿä¼šæ¯”æ–‡æœ¬æ–‡ä»...

You may provide a definition with
\DeclareUnicodeCharacter 


! LaTeX Error: Unicode character ä¹ˆ (U+4E48)
               not set up for use with LaTeX.

See the LaTeX manual or LaTeX Companion for explanation.
Type  H <return>  for immediate help.
 ...                                              
                                                  
l.32 ...ï¼Ÿä½†æ˜¯ç†è®ºä¸Šæ¥è¯´æ•°æ®åº“å†æ€ä¹ˆ
                                                  å¤§ä¹Ÿä¼šæ¯”æ–‡æœ¬æ–‡ä»¶è¦...

You may provide a definition with
\DeclareUnicodeCharacter 


! LaTeX Error: Unicode character å¤§ (U+5927)
               not set up for use with LaTeX.

See the LaTeX manual or LaTeX Companion for explanation.
Type  H <return>  for immediate help.
 ...                                              
                                                  
l.32 ...ä½†æ˜¯ç†è®ºä¸Šæ¥è¯´æ•°æ®åº“å†æ€ä¹ˆå¤§
                                                  ä¹Ÿä¼šæ¯”æ–‡æœ¬æ–‡ä»¶è¦å°...

You may provide a definition with
\DeclareUnicodeCharacter 


! LaTeX Error: Unicode character ä¹Ÿ (U+4E5F)
               not set up for use with LaTeX.

See the LaTeX manual or LaTeX Companion for explanation.
Type  H <return>  for immediate help.
 ...                                              
                                                  
l.32 ...æ˜¯ç†è®ºä¸Šæ¥è¯´æ•°æ®åº“å†æ€ä¹ˆå¤§ä¹Ÿ
                                                  ä¼šæ¯”æ–‡æœ¬æ–‡ä»¶è¦å°ã€...

You may provide a definition with
\DeclareUnicodeCharacter 


! LaTeX Error: Unicode character ä¼š (U+4F1A)
               not set up for use with LaTeX.

See the LaTeX manual or LaTeX Companion for explanation.
Type  H <return>  for immediate help.
 ...                                              
                                                  
l.32 ...ç†è®ºä¸Šæ¥è¯´æ•°æ®åº“å†æ€ä¹ˆå¤§ä¹Ÿä¼š
                                                  æ¯”æ–‡æœ¬æ–‡ä»¶è¦å°ã€‚é¡...

You may provide a definition with
\DeclareUnicodeCharacter 


! LaTeX Error: Unicode character æ¯” (U+6BD4)
               not set up for use with LaTeX.

See the LaTeX manual or LaTeX Companion for explanation.
Type  H <return>  for immediate help.
 ...                                              
                                                  
l.32 ...è®ºä¸Šæ¥è¯´æ•°æ®åº“å†æ€ä¹ˆå¤§ä¹Ÿä¼šæ¯”
                                                  æ–‡æœ¬æ–‡ä»¶è¦å°ã€‚é¡¹ç›...

You may provide a definition with
\DeclareUnicodeCharacter 


! LaTeX Error: Unicode character æ–‡ (U+6587)
               not set up for use with LaTeX.

See the LaTeX manual or LaTeX Companion for explanation.
Type  H <return>  for immediate help.
 ...                                              
                                                  
l.32 ...ä¸Šæ¥è¯´æ•°æ®åº“å†æ€ä¹ˆå¤§ä¹Ÿä¼šæ¯”æ–‡
                                                  æœ¬æ–‡ä»¶è¦å°ã€‚é¡¹ç›®ç›...

You may provide a definition with
\DeclareUnicodeCharacter 


! LaTeX Error: Unicode character æœ¬ (U+672C)
               not set up for use with LaTeX.

See the LaTeX manual or LaTeX Companion for explanation.
Type  H <return>  for immediate help.
 ...                                              
                                                  
l.32 ...æ¥è¯´æ•°æ®åº“å†æ€ä¹ˆå¤§ä¹Ÿä¼šæ¯”æ–‡æœ¬
                                                  æ–‡ä»¶è¦å°ã€‚é¡¹ç›®ç›®å‰...

You may provide a definition with
\DeclareUnicodeCharacter 


! LaTeX Error: Unicode character æ–‡ (U+6587)
               not set up for use with LaTeX.

See the LaTeX manual or LaTeX Companion for explanation.
Type  H <return>  for immediate help.
 ...                                              
                                                  
l.32 ...è¯´æ•°æ®åº“å†æ€ä¹ˆå¤§ä¹Ÿä¼šæ¯”æ–‡æœ¬æ–‡
                                                  ä»¶è¦å°ã€‚é¡¹ç›®ç›®å‰çš...

You may provide a definition with
\DeclareUnicodeCharacter 


! LaTeX Error: Unicode character ä»¶ (U+4EF6)
               not set up for use with LaTeX.

See the LaTeX manual or LaTeX Companion for explanation.
Type  H <return>  for immediate help.
 ...                                              
                                                  
l.32 ...æ•°æ®åº“å†æ€ä¹ˆå¤§ä¹Ÿä¼šæ¯”æ–‡æœ¬æ–‡ä»¶
                                                  è¦å°ã€‚é¡¹ç›®ç›®å‰çš„åŠ...

You may provide a definition with
\DeclareUnicodeCharacter 


! LaTeX Error: Unicode character è¦ (U+8981)
               not set up for use with LaTeX.

See the LaTeX manual or LaTeX Companion for explanation.
Type  H <return>  for immediate help.
 ...                                              
                                                  
l.32 ...æ®åº“å†æ€ä¹ˆå¤§ä¹Ÿä¼šæ¯”æ–‡æœ¬æ–‡ä»¶è¦
                                                  å°ã€‚é¡¹ç›®ç›®å‰çš„åŠŸèƒ...

You may provide a definition with
\DeclareUnicodeCharacter 


! LaTeX Error: Unicode character å° (U+5C0F)
               not set up for use with LaTeX.

See the LaTeX manual or LaTeX Companion for explanation.
Type  H <return>  for immediate help.
 ...                                              
                                                  
l.32 ...åº“å†æ€ä¹ˆå¤§ä¹Ÿä¼šæ¯”æ–‡æœ¬æ–‡ä»¶è¦å°
                                                  ã€‚é¡¹ç›®ç›®å‰çš„åŠŸèƒ½å...

You may provide a definition with
\DeclareUnicodeCharacter 


! LaTeX Error: Unicode character ã€‚ (U+3002)
               not set up for use with LaTeX.

See the LaTeX manual or LaTeX Companion for explanation.
Type  H <return>  for immediate help.
 ...                                              
                                                  
l.32 ...å†æ€ä¹ˆå¤§ä¹Ÿä¼šæ¯”æ–‡æœ¬æ–‡ä»¶è¦å°ã€‚
                                                  é¡¹ç›®ç›®å‰çš„åŠŸèƒ½å¯ä»...

You may provide a definition with
\DeclareUnicodeCharacter 


! LaTeX Error: Unicode character é¡¹ (U+9879)
               not set up for use with LaTeX.

See the LaTeX manual or LaTeX Companion for explanation.
Type  H <return>  for immediate help.
 ...                                              
                                                  
l.32 ...æ€ä¹ˆå¤§ä¹Ÿä¼šæ¯”æ–‡æœ¬æ–‡ä»¶è¦å°ã€‚é¡¹
                                                  ç›®ç›®å‰çš„åŠŸèƒ½å¯ä»¥è¯...

You may provide a definition with
\DeclareUnicodeCharacter 


! LaTeX Error: Unicode character ç›® (U+76EE)
               not set up for use with LaTeX.

See the LaTeX manual or LaTeX Companion for explanation.
Type  H <return>  for immediate help.
 ...                                              
                                                  
l.32 ...ä¹ˆå¤§ä¹Ÿä¼šæ¯”æ–‡æœ¬æ–‡ä»¶è¦å°ã€‚é¡¹ç›®
                                                  ç›®å‰çš„åŠŸèƒ½å¯ä»¥è¯´æ˜...

You may provide a definition with
\DeclareUnicodeCharacter 


! LaTeX Error: Unicode character ç›® (U+76EE)
               not set up for use with LaTeX.

See the LaTeX manual or LaTeX Companion for explanation.
Type  H <return>  for immediate help.
 ...                                              
                                                  
l.32 ...å¤§ä¹Ÿä¼šæ¯”æ–‡æœ¬æ–‡ä»¶è¦å°ã€‚é¡¹ç›®ç›®
                                                  å‰çš„åŠŸèƒ½å¯ä»¥è¯´æ˜¯å...

You may provide a definition with
\DeclareUnicodeCharacter 


! LaTeX Error: Unicode character å‰ (U+524D)
               not set up for use with LaTeX.

See the LaTeX manual or LaTeX Companion for explanation.
Type  H <return>  for immediate help.
 ...                                              
                                                  
l.32 ...ä¹Ÿä¼šæ¯”æ–‡æœ¬æ–‡ä»¶è¦å°ã€‚é¡¹ç›®ç›®å‰
                                                  çš„åŠŸèƒ½å¯ä»¥è¯´æ˜¯åƒç–...

You may provide a definition with
\DeclareUnicodeCharacter 


! LaTeX Error: Unicode character çš„ (U+7684)
               not set up for use with LaTeX.

See the LaTeX manual or LaTeX Companion for explanation.
Type  H <return>  for immediate help.
 ...                                              
                                                  
l.32 ...ä¼šæ¯”æ–‡æœ¬æ–‡ä»¶è¦å°ã€‚é¡¹ç›®ç›®å‰çš„
                                                  åŠŸèƒ½å¯ä»¥è¯´æ˜¯åƒç–®ç™...

You may provide a definition with
\DeclareUnicodeCharacter 


! LaTeX Error: Unicode character åŠŸ (U+529F)
               not set up for use with LaTeX.

See the LaTeX manual or LaTeX Companion for explanation.
Type  H <return>  for immediate help.
 ...                                              
                                                  
l.32 ...æ¯”æ–‡æœ¬æ–‡ä»¶è¦å°ã€‚é¡¹ç›®ç›®å‰çš„åŠŸ
                                                  èƒ½å¯ä»¥è¯´æ˜¯åƒç–®ç™¾å­...

You may provide a definition with
\DeclareUnicodeCharacter 


! LaTeX Error: Unicode character èƒ½ (U+80FD)
               not set up for use with LaTeX.

See the LaTeX manual or LaTeX Companion for explanation.
Type  H <return>  for immediate help.
 ...                                              
                                                  
l.32 ...æ–‡æœ¬æ–‡ä»¶è¦å°ã€‚é¡¹ç›®ç›®å‰çš„åŠŸèƒ½
                                                  å¯ä»¥è¯´æ˜¯åƒç–®ç™¾å­”ï¼...

You may provide a definition with
\DeclareUnicodeCharacter 


! LaTeX Error: Unicode character å¯ (U+53EF)
               not set up for use with LaTeX.

See the LaTeX manual or LaTeX Companion for explanation.
Type  H <return>  for immediate help.
 ...                                              
                                                  
l.32 ...æœ¬æ–‡ä»¶è¦å°ã€‚é¡¹ç›®ç›®å‰çš„åŠŸèƒ½å¯
                                                  ä»¥è¯´æ˜¯åƒç–®ç™¾å­”ï¼Œå®...

You may provide a definition with
\DeclareUnicodeCharacter 


! LaTeX Error: Unicode character ä»¥ (U+4EE5)
               not set up for use with LaTeX.

See the LaTeX manual or LaTeX Companion for explanation.
Type  H <return>  for immediate help.
 ...                                              
                                                  
l.32 ...æ–‡ä»¶è¦å°ã€‚é¡¹ç›®ç›®å‰çš„åŠŸèƒ½å¯ä»¥
                                                  è¯´æ˜¯åƒç–®ç™¾å­”ï¼Œå®Œå…...

You may provide a definition with
\DeclareUnicodeCharacter 


! LaTeX Error: Unicode character è¯´ (U+8BF4)
               not set up for use with LaTeX.

See the LaTeX manual or LaTeX Companion for explanation.
Type  H <return>  for immediate help.
 ...                                              
                                                  
l.32 ...ä»¶è¦å°ã€‚é¡¹ç›®ç›®å‰çš„åŠŸèƒ½å¯ä»¥è¯´
                                                  æ˜¯åƒç–®ç™¾å­”ï¼Œå®Œå…¨ä¸...

You may provide a definition with
\DeclareUnicodeCharacter 


! LaTeX Error: Unicode character æ˜¯ (U+662F)
               not set up for use with LaTeX.

See the LaTeX manual or LaTeX Companion for explanation.
Type  H <return>  for immediate help.
 ...                                              
                                                  
l.32 ...è¦å°ã€‚é¡¹ç›®ç›®å‰çš„åŠŸèƒ½å¯ä»¥è¯´æ˜¯
                                                  åƒç–®ç™¾å­”ï¼Œå®Œå…¨ä¸èƒ...
(That makes 100 errors; please try again.) 
Here is how much of TeX's memory you used:
 10056 strings out of 480218
 153550 string characters out of 5894882
 426612 words of memory out of 5000000
 27873 multiletter control sequences out of 15000+600000
 478154 words of font info for 53 fonts, out of 8000000 for 9000
 14 hyphenation exceptions out of 8191
 60i,6n,63p,593b,269s stack positions out of 5000i,500n,10000p,200000b,80000s

!  ==> Fatal error occurred, no output PDF file produced!
